<?xml version="1.0" encoding="utf-8"?><testsuites><testsuite name="pytest" errors="0" failures="0" skipped="0" tests="1" time="0.047" timestamp="2024-02-07T11:54:29.116506" hostname="LAPTOP-C3NF74UH"><testcase classname="test_addition.TestAddition" name="test_addition" time="0.002" /></testsuite></testsuites>